[debug] [2021-04-18T16:35:25.229Z] ----------------------------------------------------------------------
[debug] [2021-04-18T16:35:25.254Z] Command:       C:\Program Files\nodejs\node.exe C:\Users\Lenovo\AppData\Roaming\npm\node_modules\firebase-tools\lib\bin\firebase.js deploy
[debug] [2021-04-18T16:35:25.256Z] CLI Version:   9.10.0
[debug] [2021-04-18T16:35:25.257Z] Platform:      win32
[debug] [2021-04-18T16:35:25.257Z] Node Version:  v14.15.5
[debug] [2021-04-18T16:35:25.335Z] Time:          Sun Apr 18 2021 22:35:25 GMT+0600 (Bangladesh Standard Time)
[debug] [2021-04-18T16:35:25.335Z] ----------------------------------------------------------------------
[debug] 
[debug] [2021-04-18T16:35:25.387Z] > command requires scopes: ["email","openid","https://www.googleapis.com/auth/cloudplatformprojects.readonly","https://www.googleapis.com/auth/firebase","https://www.googleapis.com/auth/cloud-platform"]
[debug] [2021-04-18T16:35:25.387Z] > authorizing via signed-in user (mosammat.suma@gmail.com)
[debug] [2021-04-18T16:35:25.387Z] [iam] checking project neat-clean for permissions ["firebase.projects.get","firebasehosting.sites.update"]
[debug] [2021-04-18T16:35:25.391Z] >>> HTTP REQUEST POST https://cloudresourcemanager.googleapis.com/v1/projects/neat-clean:testIamPermissions  
 {"permissions":["firebase.projects.get","firebasehosting.sites.update"]}
[debug] [2021-04-18T16:35:27.357Z] <<< HTTP RESPONSE 200 {"content-type":"application/json; charset=UTF-8","vary":"X-Origin, Referer, Origin,Accept-Encoding","date":"Sun, 18 Apr 2021 16:35:27 GMT","server":"ESF","cache-control":"private","x-xss-protection":"0","x-frame-options":"SAMEORIGIN","x-content-type-options":"nosniff","server-timing":"gfet4t7; dur=1330","alt-svc":"h3-29=\":443\"; ma=2592000,h3-T051=\":443\"; ma=2592000,h3-Q050=\":443\"; ma=2592000,h3-Q046=\":443\"; ma=2592000,h3-Q043=\":443\"; ma=2592000,quic=\":443\"; ma=2592000; v=\"46,43\"","accept-ranges":"none","transfer-encoding":"chunked"}
[debug] [2021-04-18T16:35:27.360Z] > refreshing access token with scopes: []
[debug] [2021-04-18T16:35:27.360Z] >>> HTTP REQUEST POST https://www.googleapis.com/oauth2/v3/token  
 <request body omitted>
[debug] [2021-04-18T16:35:28.789Z] <<< HTTP RESPONSE 200 {"expires":"Mon, 01 Jan 1990 00:00:00 GMT","pragma":"no-cache","date":"Sun, 18 Apr 2021 16:35:28 GMT","cache-control":"no-cache, no-store, max-age=0, must-revalidate","content-type":"application/json; charset=utf-8","vary":"X-Origin, Referer, Origin,Accept-Encoding","server":"scaffolding on HTTPServer2","x-xss-protection":"0","x-frame-options":"SAMEORIGIN","x-content-type-options":"nosniff","alt-svc":"h3-29=\":443\"; ma=2592000,h3-T051=\":443\"; ma=2592000,h3-Q050=\":443\"; ma=2592000,h3-Q046=\":443\"; ma=2592000,h3-Q043=\":443\"; ma=2592000,quic=\":443\"; ma=2592000; v=\"46,43\"","accept-ranges":"none","transfer-encoding":"chunked"}
[debug] [2021-04-18T16:35:28.876Z] >>> [apiv2][query] GET https://firebase.googleapis.com/v1beta1/projects/neat-clean [none]
[debug] [2021-04-18T16:35:29.402Z] <<< [apiv2][status] GET https://firebase.googleapis.com/v1beta1/projects/neat-clean 200
[debug] [2021-04-18T16:35:29.403Z] <<< [apiv2][body] GET https://firebase.googleapis.com/v1beta1/projects/neat-clean {"projectId":"neat-clean","projectNumber":"335904497651","displayName":"neat-clean","name":"projects/neat-clean","resources":{"hostingSite":"neat-clean"},"state":"ACTIVE"}
[info] 
[info] === Deploying to 'neat-clean'...
[info] 
[info] i  deploying hosting 
[debug] [2021-04-18T16:35:29.413Z] > refreshing access token with scopes: ["email","https://www.googleapis.com/auth/cloud-platform","https://www.googleapis.com/auth/cloudplatformprojects.readonly","https://www.googleapis.com/auth/firebase","openid"]
[debug] [2021-04-18T16:35:29.413Z] >>> HTTP REQUEST POST https://www.googleapis.com/oauth2/v3/token  
 <request body omitted>
[debug] [2021-04-18T16:35:35.062Z] <<< HTTP RESPONSE 200 {"date":"Sun, 18 Apr 2021 16:35:35 GMT","expires":"Mon, 01 Jan 1990 00:00:00 GMT","pragma":"no-cache","cache-control":"no-cache, no-store, max-age=0, must-revalidate","content-type":"application/json; charset=utf-8","vary":"X-Origin, Referer, Origin,Accept-Encoding","server":"scaffolding on HTTPServer2","x-xss-protection":"0","x-frame-options":"SAMEORIGIN","x-content-type-options":"nosniff","alt-svc":"h3-29=\":443\"; ma=2592000,h3-T051=\":443\"; ma=2592000,h3-Q050=\":443\"; ma=2592000,h3-Q046=\":443\"; ma=2592000,h3-Q043=\":443\"; ma=2592000,quic=\":443\"; ma=2592000; v=\"46,43\"","accept-ranges":"none","transfer-encoding":"chunked"}
[debug] [2021-04-18T16:35:35.210Z] >>> HTTP REQUEST POST https://firebasehosting.googleapis.com/v1beta1/sites/neat-clean/versions  
 {"config":{"rewrites":[{"glob":"**","path":"/index.html"}]},"labels":{"deployment-tool":"cli-firebase"}}
[debug] [2021-04-18T16:35:37.527Z] <<< HTTP RESPONSE 200 {"content-type":"application/json; charset=UTF-8","vary":"X-Origin, Referer, Origin,Accept-Encoding","date":"Sun, 18 Apr 2021 16:35:37 GMT","server":"ESF","cache-control":"private","x-xss-protection":"0","x-frame-options":"SAMEORIGIN","x-content-type-options":"nosniff","alt-svc":"h3-29=\":443\"; ma=2592000,h3-T051=\":443\"; ma=2592000,h3-Q050=\":443\"; ma=2592000,h3-Q046=\":443\"; ma=2592000,h3-Q043=\":443\"; ma=2592000,quic=\":443\"; ma=2592000; v=\"46,43\"","accept-ranges":"none","transfer-encoding":"chunked"}
[info] i  hosting[neat-clean]: beginning deploy... 
[info] i  hosting[neat-clean]: found 26 files in build 
[debug] [2021-04-18T16:35:38.652Z] > refreshing access token with scopes: []
[debug] [2021-04-18T16:35:38.653Z] >>> HTTP REQUEST POST https://www.googleapis.com/oauth2/v3/token  
 <request body omitted>
[debug] [2021-04-18T16:35:38.655Z] [hosting] hash cache [YnVpbGQ] stored for 26 files
[debug] [2021-04-18T16:35:38.656Z] [hosting][hash queue][FINAL] {"max":595,"min":7,"avg":63.57692307692308,"active":0,"complete":26,"success":26,"errored":0,"retried":0,"total":26,"elapsed":692}
[debug] [2021-04-18T16:35:38.975Z] <<< HTTP RESPONSE 200 {"expires":"Mon, 01 Jan 1990 00:00:00 GMT","pragma":"no-cache","cache-control":"no-cache, no-store, max-age=0, must-revalidate","date":"Sun, 18 Apr 2021 16:35:38 GMT","content-type":"application/json; charset=utf-8","vary":"X-Origin, Referer, Origin,Accept-Encoding","server":"scaffolding on HTTPServer2","x-xss-protection":"0","x-frame-options":"SAMEORIGIN","x-content-type-options":"nosniff","alt-svc":"h3-29=\":443\"; ma=2592000,h3-T051=\":443\"; ma=2592000,h3-Q050=\":443\"; ma=2592000,h3-Q046=\":443\"; ma=2592000,h3-Q043=\":443\"; ma=2592000,quic=\":443\"; ma=2592000; v=\"46,43\"","accept-ranges":"none","transfer-encoding":"chunked"}
[debug] [2021-04-18T16:35:39.055Z] >>> [apiv2][query] POST https://firebasehosting.googleapis.com/v1beta1/sites/neat-clean/versions/f9846c40b2ae0bcc:populateFiles [none]
[debug] [2021-04-18T16:35:39.055Z] >>> [apiv2][body] POST https://firebasehosting.googleapis.com/v1beta1/sites/neat-clean/versions/f9846c40b2ae0bcc:populateFiles {"files":{"/favicon.ico":"eae62e993eb980ec8a25058c39d5a51feab118bd2100c4deebb2a9c158ec11f9","/logo192.png":"3ee59515172ee198f3be375979df15ac5345183e656720a381b8872b2a39dc8b","/logo512.png":"ee7e2f3fdb8209c4b6fd7bef6ba50d1b9dba30a25bb5c3126df057e1cb6f5331","/manifest.json":"aff3449bdc238776f5d6d967f19ec491b36aed5fb7f23ccff6500736fd58494a","/robots.txt":"bfe106a3fb878dc83461c86818bf74fc1bdc7f28538ba613cd3e775516ce8b49","/asset-manifest.json":"ffa4b559b6ec71d986b717257990956c86adb365f9f9721b8b40f2c38ab95107","/index.html":"19b8715e2aef6d02632a011d34066f05e3dcd07d624bed6386762d9b9abd1df1","/static/css/main.f36d9405.chunk.css":"3d7ef56081a1cf7f857febd8d3c17e0fedfc5adb73b7d51dc55fc9a8a87bf3a4","/static/css/main.f36d9405.chunk.css.map":"633141fb7169551f351dae3d2065e332e414eda35e0f14ea7ff85aa4438d3fc9","/static/js/2.e0ae5c72.chunk.js.LICENSE.txt":"d67452102dc6dc4e22e185020522c380b0806cdec6a0fb14e897cfc8b6bb42f2","/static/js/3.3bd877fa.chunk.js":"7942bc9863d3d98e31584f72d89d6881a5a9db6aa4f532b7c67078833d42fe59","/static/js/3.3bd877fa.chunk.js.map":"db70acb541f3f5841da0aec79d3ac8ad6d325b54c3c27d03dfdfd56702f70522","/static/js/main.d573bd9e.chunk.js":"491d0a912a0e8caaa21f64a6f9cd8eee3f54657751b1768f0ccdf3b949f8f005","/static/js/runtime-main.ac8e8e94.js":"c9ceda0f0d9afa73bb325b041591722aa97b9f86e8118f6e5771dcd6bc49bbc1","/static/js/runtime-main.ac8e8e94.js.map":"07f500115315bf651c7325abaa6de04a78082a0d0d5a52970c4b180d036227bd","/static/media/24-hours-support.8a4c0a65.png":"bea674d5b95ebaddb111c4e5c08a4c0f8c918aed305d18396682c6d6acd8a0b4","/static/media/cleaning-service.0ad4804f.png":"35d9b382d5e08dc58bac6481dfd08d8d9c34189035147cdb75bf2caec66f7e49","/static/media/footerbg.14640aed.jpg":"10369da30f1edafd50ec5c5b024cc0a5c7144c8732a04077344d664f2e60c360","/static/media/guarantee.28f50687.png":"63981550546056039e1b98b640e7760f5688e4da1397c2ff6251652684421cb8","/static/js/main.d573bd9e.chunk.js.map":"d71e36becaad0f7be97b72b39bac255e59d47b7adfc86c45ede355aaa7e4c69d","/static/css/2.4c97ca4f.chunk.css":"7e6538a6f0fc738a788c03a9cee1861c42fe2f29017e5026cb867636b24dcf77","/static/media/cleaning.32f790a0.PNG":"566f1220cbfaa54b206885d521db2694fa81d04731945c5a0288881854b5932d","/static/media/cleaningS.25bcdbca.PNG":"de6a84ff94a0ca4c006e77bdda006f93868af22efd221c45b15b9b450c9c6791","/static/js/2.e0ae5c72.chunk.js":"433dd76a9e4b14be19f201e951b611fc32ca42eff6eb446745ffd996bb500b71","/static/css/2.4c97ca4f.chunk.css.map":"a70eaab29a7c2121a70e08850c01f71611bdc0c137e6a4b349704641c33af035","/static/js/2.e0ae5c72.chunk.js.map":"8fcc45e64a926dfc00d6569a26ea661c2499b493c3724332077548a9e23076a3"}}
[debug] [2021-04-18T16:35:41.034Z] <<< [apiv2][status] POST https://firebasehosting.googleapis.com/v1beta1/sites/neat-clean/versions/f9846c40b2ae0bcc:populateFiles 200
[debug] [2021-04-18T16:35:41.034Z] <<< [apiv2][body] POST https://firebasehosting.googleapis.com/v1beta1/sites/neat-clean/versions/f9846c40b2ae0bcc:populateFiles {"uploadRequiredHashes":["ffa4b559b6ec71d986b717257990956c86adb365f9f9721b8b40f2c38ab95107","491d0a912a0e8caaa21f64a6f9cd8eee3f54657751b1768f0ccdf3b949f8f005","19b8715e2aef6d02632a011d34066f05e3dcd07d624bed6386762d9b9abd1df1","d71e36becaad0f7be97b72b39bac255e59d47b7adfc86c45ede355aaa7e4c69d"],"uploadUrl":"https://upload-firebasehosting.googleapis.com/upload/sites/neat-clean/versions/f9846c40b2ae0bcc/files"}
[debug] [2021-04-18T16:35:41.037Z] >>> [apiv2][query] POST https://upload-firebasehosting.googleapis.com/upload/sites/neat-clean/versions/f9846c40b2ae0bcc/files/ffa4b559b6ec71d986b717257990956c86adb365f9f9721b8b40f2c38ab95107 [none]
[debug] [2021-04-18T16:35:41.037Z] >>> [apiv2][body] POST https://upload-firebasehosting.googleapis.com/upload/sites/neat-clean/versions/f9846c40b2ae0bcc/files/ffa4b559b6ec71d986b717257990956c86adb365f9f9721b8b40f2c38ab95107 [stream]
[debug] [2021-04-18T16:35:41.038Z] >>> [apiv2][query] POST https://upload-firebasehosting.googleapis.com/upload/sites/neat-clean/versions/f9846c40b2ae0bcc/files/491d0a912a0e8caaa21f64a6f9cd8eee3f54657751b1768f0ccdf3b949f8f005 [none]
[debug] [2021-04-18T16:35:41.039Z] >>> [apiv2][body] POST https://upload-firebasehosting.googleapis.com/upload/sites/neat-clean/versions/f9846c40b2ae0bcc/files/491d0a912a0e8caaa21f64a6f9cd8eee3f54657751b1768f0ccdf3b949f8f005 [stream]
[debug] [2021-04-18T16:35:41.041Z] >>> [apiv2][query] POST https://upload-firebasehosting.googleapis.com/upload/sites/neat-clean/versions/f9846c40b2ae0bcc/files/19b8715e2aef6d02632a011d34066f05e3dcd07d624bed6386762d9b9abd1df1 [none]
[debug] [2021-04-18T16:35:41.041Z] >>> [apiv2][body] POST https://upload-firebasehosting.googleapis.com/upload/sites/neat-clean/versions/f9846c40b2ae0bcc/files/19b8715e2aef6d02632a011d34066f05e3dcd07d624bed6386762d9b9abd1df1 [stream]
[debug] [2021-04-18T16:35:41.042Z] >>> [apiv2][query] POST https://upload-firebasehosting.googleapis.com/upload/sites/neat-clean/versions/f9846c40b2ae0bcc/files/d71e36becaad0f7be97b72b39bac255e59d47b7adfc86c45ede355aaa7e4c69d [none]
[debug] [2021-04-18T16:35:41.043Z] >>> [apiv2][body] POST https://upload-firebasehosting.googleapis.com/upload/sites/neat-clean/versions/f9846c40b2ae0bcc/files/d71e36becaad0f7be97b72b39bac255e59d47b7adfc86c45ede355aaa7e4c69d [stream]
[debug] [2021-04-18T16:35:41.044Z] [hosting][populate queue][FINAL] {"max":2385,"min":2385,"avg":2385,"active":0,"complete":1,"success":1,"errored":0,"retried":0,"total":1,"elapsed":2392}
[debug] [2021-04-18T16:35:41.044Z] [hosting] uploads queued: 4
[debug] [2021-04-18T16:35:44.624Z] <<< [apiv2][status] POST https://upload-firebasehosting.googleapis.com/upload/sites/neat-clean/versions/f9846c40b2ae0bcc/files/491d0a912a0e8caaa21f64a6f9cd8eee3f54657751b1768f0ccdf3b949f8f005 200
[debug] [2021-04-18T16:35:44.624Z] <<< [apiv2][body] POST https://upload-firebasehosting.googleapis.com/upload/sites/neat-clean/versions/f9846c40b2ae0bcc/files/491d0a912a0e8caaa21f64a6f9cd8eee3f54657751b1768f0ccdf3b949f8f005 [stream]
[debug] [2021-04-18T16:35:45.181Z] <<< [apiv2][status] POST https://upload-firebasehosting.googleapis.com/upload/sites/neat-clean/versions/f9846c40b2ae0bcc/files/19b8715e2aef6d02632a011d34066f05e3dcd07d624bed6386762d9b9abd1df1 200
[debug] [2021-04-18T16:35:45.181Z] <<< [apiv2][body] POST https://upload-firebasehosting.googleapis.com/upload/sites/neat-clean/versions/f9846c40b2ae0bcc/files/19b8715e2aef6d02632a011d34066f05e3dcd07d624bed6386762d9b9abd1df1 [stream]
[debug] [2021-04-18T16:35:45.555Z] <<< [apiv2][status] POST https://upload-firebasehosting.googleapis.com/upload/sites/neat-clean/versions/f9846c40b2ae0bcc/files/ffa4b559b6ec71d986b717257990956c86adb365f9f9721b8b40f2c38ab95107 200
[debug] [2021-04-18T16:35:45.555Z] <<< [apiv2][body] POST https://upload-firebasehosting.googleapis.com/upload/sites/neat-clean/versions/f9846c40b2ae0bcc/files/ffa4b559b6ec71d986b717257990956c86adb365f9f9721b8b40f2c38ab95107 [stream]
[debug] [2021-04-18T16:35:46.081Z] <<< [apiv2][status] POST https://upload-firebasehosting.googleapis.com/upload/sites/neat-clean/versions/f9846c40b2ae0bcc/files/d71e36becaad0f7be97b72b39bac255e59d47b7adfc86c45ede355aaa7e4c69d 200
[debug] [2021-04-18T16:35:46.081Z] <<< [apiv2][body] POST https://upload-firebasehosting.googleapis.com/upload/sites/neat-clean/versions/f9846c40b2ae0bcc/files/d71e36becaad0f7be97b72b39bac255e59d47b7adfc86c45ede355aaa7e4c69d [stream]
[debug] [2021-04-18T16:35:46.082Z] [hosting][upload queue][FINAL] {"max":5045,"min":3588,"avg":4324.75,"active":0,"complete":4,"success":4,"errored":0,"retried":0,"total":4,"elapsed":5047}
[info] +  hosting[neat-clean]: file upload complete 
[debug] [2021-04-18T16:35:46.083Z] [hosting] deploy completed after 8554ms
[debug] [2021-04-18T16:35:46.374Z] [
  {
    "config": {
      "public": "build",
      "ignore": [
        "firebase.json",
        "**/.*",
        "**/node_modules/**"
      ],
      "rewrites": [
        {
          "source": "**",
          "destination": "/index.html"
        }
      ],
      "site": "neat-clean"
    },
    "site": "neat-clean",
    "version": "sites/neat-clean/versions/f9846c40b2ae0bcc"
  }
]
[info] i  hosting[neat-clean]: finalizing version... 
[debug] [2021-04-18T16:35:46.377Z] > refreshing access token with scopes: ["email","https://www.googleapis.com/auth/cloud-platform","https://www.googleapis.com/auth/cloudplatformprojects.readonly","https://www.googleapis.com/auth/firebase","openid"]
[debug] [2021-04-18T16:35:46.378Z] >>> HTTP REQUEST POST https://www.googleapis.com/oauth2/v3/token  
 <request body omitted>
[debug] [2021-04-18T16:35:46.696Z] <<< HTTP RESPONSE 200 {"date":"Sun, 18 Apr 2021 16:35:46 GMT","expires":"Mon, 01 Jan 1990 00:00:00 GMT","cache-control":"no-cache, no-store, max-age=0, must-revalidate","pragma":"no-cache","content-type":"application/json; charset=utf-8","vary":"X-Origin, Referer, Origin,Accept-Encoding","server":"scaffolding on HTTPServer2","x-xss-protection":"0","x-frame-options":"SAMEORIGIN","x-content-type-options":"nosniff","alt-svc":"h3-29=\":443\"; ma=2592000,h3-T051=\":443\"; ma=2592000,h3-Q050=\":443\"; ma=2592000,h3-Q046=\":443\"; ma=2592000,h3-Q043=\":443\"; ma=2592000,quic=\":443\"; ma=2592000; v=\"46,43\"","accept-ranges":"none","transfer-encoding":"chunked"}
[debug] [2021-04-18T16:35:46.788Z] >>> HTTP REQUEST PATCH https://firebasehosting.googleapis.com/v1beta1/sites/neat-clean/versions/f9846c40b2ae0bcc?updateMask=status  
 {"status":"FINALIZED"}
[debug] [2021-04-18T16:35:48.840Z] <<< HTTP RESPONSE 200 {"content-type":"application/json; charset=UTF-8","vary":"X-Origin, Referer, Origin,Accept-Encoding","date":"Sun, 18 Apr 2021 16:35:48 GMT","server":"ESF","cache-control":"private","x-xss-protection":"0","x-frame-options":"SAMEORIGIN","x-content-type-options":"nosniff","alt-svc":"h3-29=\":443\"; ma=2592000,h3-T051=\":443\"; ma=2592000,h3-Q050=\":443\"; ma=2592000,h3-Q046=\":443\"; ma=2592000,h3-Q043=\":443\"; ma=2592000,quic=\":443\"; ma=2592000; v=\"46,43\"","accept-ranges":"none","transfer-encoding":"chunked"}
[debug] [2021-04-18T16:35:48.841Z] [hosting] finalized version for neat-clean: {"name":"sites/neat-clean/versions/f9846c40b2ae0bcc","status":"FINALIZED","config":{"rewrites":[{"glob":"**","path":"/index.html"}]},"labels":{"deployment-tool":"cli-firebase"},"createTime":"2021-04-18T16:35:37.064312Z","createUser":{"email":"mosammat.suma@gmail.com"},"finalizeTime":"2021-04-18T16:35:48.465022Z","finalizeUser":{"email":"mosammat.suma@gmail.com"}}
[info] +  hosting[neat-clean]: version finalized 
[info] i  hosting[neat-clean]: releasing new version... 
[debug] [2021-04-18T16:35:48.842Z] >>> HTTP REQUEST POST https://firebasehosting.googleapis.com/v1beta1/sites/neat-clean/releases?version_name=sites/neat-clean/versions/f9846c40b2ae0bcc  
 {"message":null}
[debug] [2021-04-18T16:35:52.196Z] <<< HTTP RESPONSE 200 {"content-type":"application/json; charset=UTF-8","vary":"X-Origin, Referer, Origin,Accept-Encoding","date":"Sun, 18 Apr 2021 16:35:50 GMT","server":"ESF","cache-control":"private","x-xss-protection":"0","x-frame-options":"SAMEORIGIN","x-content-type-options":"nosniff","alt-svc":"h3-29=\":443\"; ma=2592000,h3-T051=\":443\"; ma=2592000,h3-Q050=\":443\"; ma=2592000,h3-Q046=\":443\"; ma=2592000,h3-Q043=\":443\"; ma=2592000,quic=\":443\"; ma=2592000; v=\"46,43\"","accept-ranges":"none","transfer-encoding":"chunked"}
[debug] [2021-04-18T16:35:52.197Z] [hosting] release: {"name":"sites/neat-clean/releases/1618763750374661","version":{"name":"sites/neat-clean/versions/f9846c40b2ae0bcc","status":"FINALIZED","config":{"rewrites":[{"glob":"**","path":"/index.html"}]},"labels":{"deployment-tool":"cli-firebase"},"createTime":"2021-04-18T16:35:37.064312Z","createUser":{"email":"mosammat.suma@gmail.com"},"finalizeTime":"2021-04-18T16:35:48.465022Z","finalizeUser":{"email":"mosammat.suma@gmail.com"},"preview":{}},"type":"DEPLOY","releaseTime":"2021-04-18T16:35:50.374661001Z","releaseUser":{"email":"mosammat.suma@gmail.com"}}
[info] +  hosting[neat-clean]: release complete 
[info] 
[info] +  Deploy complete! 
[info] 
[info] Project Console: https://console.firebase.google.com/project/neat-clean/overview
[info] Hosting URL: https://neat-clean.web.app
